[0m20:40:06.200674 [debug] [MainThread]: Sending event: {'category': 'dbt', 'action': 'invocation', 'label': 'start', 'context': [<snowplow_tracker.self_describing_json.SelfDescribingJson object at 0x10b897620>, <snowplow_tracker.self_describing_json.SelfDescribingJson object at 0x1104aeab0>, <snowplow_tracker.self_describing_json.SelfDescribingJson object at 0x1104aea20>]}


============================== 20:40:06.259292 | 5fbaa3e7-3ed9-4f99-8861-661a16bc79b5 ==============================
[0m20:40:06.259292 [info ] [MainThread]: Running with dbt=1.11.6
[0m20:40:06.260449 [debug] [MainThread]: running dbt with arguments {'log_format': 'default', 'use_experimental_parser': 'False', 'partial_parse': 'True', 'empty': 'None', 'printer_width': '80', 'write_json': 'True', 'cache_selected_only': 'False', 'send_anonymous_usage_stats': 'True', 'use_colors': 'True', 'debug': 'False', 'target_path': 'None', 'log_cache_events': 'False', 'no_print': 'None', 'invocation_command': 'dbt init', 'log_path': 'logs', 'static_parser': 'True', 'fail_fast': 'False', 'warn_error': 'None', 'quiet': 'False', 'profiles_dir': '/Users/radhika/.dbt', 'indirect_selection': 'eager', 'version_check': 'True', 'introspect': 'True', 'warn_error_options': 'WarnErrorOptionsV2(error=[], warn=[], silence=[])'}
[0m20:40:20.005533 [debug] [MainThread]: Starter project path: /Users/radhika/Desktop/Hr_analytics_dbt/dbt_hr_analytics_project/.venv/lib/python3.12/site-packages/dbt/include/starter_project
[0m20:40:20.025605 [info ] [MainThread]: 
Your new dbt project "dbt__hr_analytics" was created!

For more information on how to configure the profiles.yml file,
please consult the dbt documentation here:

  https://docs.getdbt.com/docs/configure-your-profile

One more thing:

Need help? Don't hesitate to reach out to us via GitHub issues or on Slack:

  https://community.getdbt.com/

Happy modeling!

[0m20:40:20.027061 [info ] [MainThread]: Setting up your profile.
[0m20:40:52.449919 [debug] [MainThread]: Snowflake adapter: Setting snowflake.connector to ERROR (file logging only)
[0m20:40:52.451952 [debug] [MainThread]: Snowflake adapter: Setting botocore to ERROR (file logging only)
[0m20:40:52.452449 [debug] [MainThread]: Snowflake adapter: Setting boto3 to ERROR (file logging only)
[0m20:43:16.421624 [info ] [MainThread]: Profile dbt__hr_analytics written to /Users/radhika/.dbt/profiles.yml using target's profile_template.yml and your supplied values. Run 'dbt debug' to validate the connection.
[0m20:43:16.433378 [debug] [MainThread]: Resource report: {"command_name": "init", "command_success": true, "command_wall_clock_time": 190.35423, "process_in_blocks": "0", "process_kernel_time": 0.771913, "process_mem_max_rss": "135155712", "process_out_blocks": "0", "process_user_time": 3.683554}
[0m20:43:16.443115 [debug] [MainThread]: Command `dbt init` succeeded at 20:43:16.442334 after 190.37 seconds
[0m20:43:16.447800 [debug] [MainThread]: Sending event: {'category': 'dbt', 'action': 'invocation', 'label': 'end', 'context': [<snowplow_tracker.self_describing_json.SelfDescribingJson object at 0x11123a4e0>, <snowplow_tracker.self_describing_json.SelfDescribingJson object at 0x1119f2660>, <snowplow_tracker.self_describing_json.SelfDescribingJson object at 0x112325010>]}
[0m20:43:16.449948 [debug] [MainThread]: Flushing usage events
[0m20:43:17.869236 [debug] [MainThread]: An error was encountered while trying to flush usage events
[0m22:09:49.732249 [debug] [MainThread]: Sending event: {'category': 'dbt', 'action': 'invocation', 'label': 'start', 'context': [<snowplow_tracker.self_describing_json.SelfDescribingJson object at 0x109efbb30>, <snowplow_tracker.self_describing_json.SelfDescribingJson object at 0x10f548590>, <snowplow_tracker.self_describing_json.SelfDescribingJson object at 0x10f5482c0>]}


============================== 22:09:49.741362 | a137407b-282c-4ce0-ac5d-941ae0ab80a2 ==============================
[0m22:09:49.741362 [info ] [MainThread]: Running with dbt=1.11.6
[0m22:09:49.742116 [debug] [MainThread]: running dbt with arguments {'indirect_selection': 'eager', 'invocation_command': 'dbt run', 'target_path': 'None', 'write_json': 'True', 'profiles_dir': '/Users/radhika/.dbt', 'use_colors': 'True', 'warn_error': 'None', 'cache_selected_only': 'False', 'debug': 'False', 'use_experimental_parser': 'False', 'fail_fast': 'False', 'static_parser': 'True', 'warn_error_options': 'WarnErrorOptionsV2(error=[], warn=[], silence=[])', 'log_path': 'logs', 'partial_parse': 'True', 'quiet': 'False', 'empty': 'False', 'send_anonymous_usage_stats': 'True', 'printer_width': '80', 'log_cache_events': 'False', 'no_print': 'None', 'version_check': 'True', 'log_format': 'default', 'introspect': 'True'}
[0m22:09:49.743250 [error] [MainThread]: Encountered an error:
Runtime Error
  No dbt_project.yml found at expected path /Users/radhika/Desktop/Hr_analytics_dbt/dbt_hr_analytics_project/dbt_project.yml
  Verify that each entry within packages.yml (and their transitive dependencies) contains a file named dbt_project.yml
  
[0m22:09:49.744536 [debug] [MainThread]: Resource report: {"command_name": "run", "command_success": false, "command_wall_clock_time": 0.15482041, "process_in_blocks": "0", "process_kernel_time": 0.392337, "process_mem_max_rss": "101998592", "process_out_blocks": "0", "process_user_time": 1.551298}
[0m22:09:49.745234 [debug] [MainThread]: Command `dbt run` failed at 22:09:49.745094 after 0.16 seconds
[0m22:09:49.745802 [debug] [MainThread]: Sending event: {'category': 'dbt', 'action': 'invocation', 'label': 'end', 'context': [<snowplow_tracker.self_describing_json.SelfDescribingJson object at 0x10f4c0a40>, <snowplow_tracker.self_describing_json.SelfDescribingJson object at 0x10f202900>, <snowplow_tracker.self_describing_json.SelfDescribingJson object at 0x10f549f40>]}
[0m22:09:49.746416 [debug] [MainThread]: Flushing usage events
[0m22:09:51.067729 [debug] [MainThread]: An error was encountered while trying to flush usage events
